{"/Users/sinianliu/Desktop/smart-brain-project/client/src/components/ImageLinkForm/ImageLinkForm.tsx": {"path":"/Users/sinianliu/Desktop/smart-brain-project/client/src/components/ImageLinkForm/ImageLinkForm.tsx","statementMap":{"0":{"start":{"line":1,"column":0},"end":{"line":1,"column":29}},"1":{"start":{"line":4,"column":22},"end":{"line":27,"column":1}},"2":{"start":{"line":8,"column":2},"end":{"line":26,"column":4}},"3":{"start":{"line":29,"column":0},"end":{"line":29,"column":29}}},"fnMap":{"0":{"name":"(anonymous_0)","decl":{"start":{"line":4,"column":22},"end":{"line":4,"column":23}},"loc":{"start":{"line":7,"column":25},"end":{"line":27,"column":1}}}},"branchMap":{},"s":{"0":1,"1":1,"2":1,"3":1},"f":{"0":1},"b":{}}
}
